2023-05-16 16:49:30,933 =============================================================
2023-05-16 16:49:30,933 =============================================================
2023-05-16 16:49:30,933 Today is 2023-05-16 at 04:49 PM
2023-05-16 16:49:30,933 This file is running on: posix Darwin 20.6.0
2023-05-16 16:49:30,933 The Python version is: 3.11.3
2023-05-16 16:49:30,933 The active conda environment is:  None
2023-05-16 16:49:30,934 The active pip environment is:    None
2023-05-16 16:49:30,934 The active environment path is:   /Library/Frameworks/Python.framework/Versions/3.11
2023-05-16 16:49:30,934 The current working directory is: /Users/sarah/Documents/datafun-02-functions
2023-05-16 16:49:30,934 This source file is in:           /Users/sarah/Documents/datafun-02-functions
2023-05-16 16:49:30,934 =============================================================
2023-05-16 16:49:30,934 =============================================================
2023-05-16 16:49:30,934 Explore some functions in the math module
2023-05-16 16:49:30,934 math.comb(5,1) = 5
2023-05-16 16:49:30,934 math.perm(5,1) = 5
2023-05-16 16:49:30,934 math.comb(4,2) = 6
2023-05-16 16:49:30,934 math.perm(4,2) = 12
2023-05-16 16:49:30,935 math.pi = 3.141592653589793
2023-05-16 16:49:30,935 math.degrees(2 * math.pi) = 360.0
2023-05-16 16:49:30,935 math.radians(180)         = 3.141592653589793
2023-05-16 16:49:30,935 
2023-05-16 16:49:30,935 TRY: Call circle_area_input_radius() function with a different values.
2023-05-16 16:49:30,935 CALLING get_circle_area(5)
2023-05-16 16:49:30,935 The circle area is 78.53981633974483
2023-05-16 16:49:30,935 CALLING get_circle_area(-16)
2023-05-16 16:49:30,935 The circle area is 804.247719318987
2023-05-16 16:49:30,935 CALLING get_circle_area(inf)
2023-05-16 16:49:30,935 The circle area is inf
2023-05-16 16:49:30,935 CALLING get_circle_area(five)
2023-05-16 16:49:30,936 Error: unsupported operand type(s) for ** or pow(): 'str' and 'int'
2023-05-16 16:49:30,936 
2023-05-16 16:49:30,936 TRY: Call get_circle_areas_given_list() function with a list of GOOD values
2023-05-16 16:49:30,936 CALLING get_circle_area([5, 10, 25, 30, 45, 50])
2023-05-16 16:49:30,936 CALLING get_circle_area(5)
2023-05-16 16:49:30,936 The circle area is 78.53981633974483
2023-05-16 16:49:30,936 r = 5, area=78.53981633974483
2023-05-16 16:49:30,936 CALLING get_circle_area(10)
2023-05-16 16:49:30,936 The circle area is 314.1592653589793
2023-05-16 16:49:30,936 r = 10, area=314.1592653589793
2023-05-16 16:49:30,937 CALLING get_circle_area(25)
2023-05-16 16:49:30,937 The circle area is 1963.4954084936207
2023-05-16 16:49:30,937 r = 25, area=1963.4954084936207
2023-05-16 16:49:30,937 CALLING get_circle_area(30)
2023-05-16 16:49:30,937 The circle area is 2827.4333882308138
2023-05-16 16:49:30,937 r = 30, area=2827.4333882308138
2023-05-16 16:49:30,937 CALLING get_circle_area(45)
2023-05-16 16:49:30,937 The circle area is 6361.725123519331
2023-05-16 16:49:30,937 r = 45, area=6361.725123519331
2023-05-16 16:49:30,937 CALLING get_circle_area(50)
2023-05-16 16:49:30,937 The circle area is 7853.981633974483
2023-05-16 16:49:30,937 r = 50, area=7853.981633974483
2023-05-16 16:49:30,937 
2023-05-16 16:49:30,937 TRY: Call get_circle_areas_given_list() function with a list that may include BAD values
2023-05-16 16:49:30,937 CALLING get_circle_area([-5, 0, inf, '30'])
2023-05-16 16:49:30,937 CALLING get_circle_area(-5)
2023-05-16 16:49:30,937 The circle area is 78.53981633974483
2023-05-16 16:49:30,938 r = -5, area=78.53981633974483
2023-05-16 16:49:30,938 CALLING get_circle_area(0)
2023-05-16 16:49:30,938 The circle area is 0.0
2023-05-16 16:49:30,938 r = 0, area=0.0
2023-05-16 16:49:30,938 CALLING get_circle_area(inf)
2023-05-16 16:49:30,938 The circle area is inf
2023-05-16 16:49:30,938 r = inf, area=inf
2023-05-16 16:49:30,938 CALLING get_circle_area(30)
2023-05-16 16:49:30,938 Error: unsupported operand type(s) for ** or pow(): 'str' and 'int'
2023-05-16 16:49:30,938 r = 30, area=None
