2023-05-15 21:12:12,507 =============================================================
2023-05-15 21:12:12,508 =============================================================
2023-05-15 21:12:12,508 Today is 2023-05-15 at 09:12 PM
2023-05-15 21:12:12,508 This file is running on: posix Darwin 20.6.0
2023-05-15 21:12:12,508 The Python version is: 3.11.3
2023-05-15 21:12:12,509 The active conda environment is:  None
2023-05-15 21:12:12,509 The active pip environment is:    None
2023-05-15 21:12:12,509 The active environment path is:   /Library/Frameworks/Python.framework/Versions/3.11
2023-05-15 21:12:12,509 The current working directory is: /Users/sarah/Documents/datafun-02-functions
2023-05-15 21:12:12,509 This source file is in:           /Users/sarah/Documents/datafun-02-functions
2023-05-15 21:12:12,509 =============================================================
2023-05-15 21:12:12,509 =============================================================
2023-05-15 21:12:23,369 temp_1 = 10.0
2023-05-15 21:12:23,369 temp_2 = 25.0
2023-05-15 21:12:23,369 temp_3 = 0.0
2023-05-15 21:12:23,370 The sum is 35.0.
2023-05-15 21:12:23,370 The average is 11.67.
2023-05-15 21:12:23,370 The product is 0.0.
2023-05-15 21:12:23,370 The smallest is 0.0.
2023-05-15 21:12:23,370 The largest is 25.0.
2023-05-15 21:12:23,370 The range is 25.0.
2023-05-15 21:12:23,370 It's freezing at the Doggy Daycare!
2023-05-15 21:12:28,336 Script complete. See log file for details.
