2023-05-16 22:15:24,897 =============================================================
2023-05-16 22:15:24,898 =============================================================
2023-05-16 22:15:24,898 Today is 2023-05-16 at 10:15 PM
2023-05-16 22:15:24,898 This file is running on: posix Darwin 20.6.0
2023-05-16 22:15:24,898 The Python version is: 3.11.3
2023-05-16 22:15:24,898 The active conda environment is:  None
2023-05-16 22:15:24,898 The active pip environment is:    None
2023-05-16 22:15:24,899 The active environment path is:   /Library/Frameworks/Python.framework/Versions/3.11
2023-05-16 22:15:24,899 The current working directory is: /Users/sarah/Documents/datafun-02-functions
2023-05-16 22:15:24,899 This source file is in:           /Users/sarah/Documents/datafun-02-functions
2023-05-16 22:15:24,899 =============================================================
2023-05-16 22:15:24,899 =============================================================
2023-05-16 22:15:24,899 CALLING transform_using_keyword_args_with_default_values(input=bearcat, reverse=False)
2023-05-16 22:15:24,899 RETURNING bea
2023-05-16 22:15:24,899 CALLING transform_using_keyword_args_with_default_values(input=bearcat, reverse=True)
2023-05-16 22:15:24,899 RETURNING aeb
2023-05-16 22:15:24,899 CALLING transform_using_keyword_args_with_default_values(input=hello, reverse=True)
2023-05-16 22:15:24,899 RETURNING leh
2023-05-16 22:15:24,899 ===========================================================
2023-05-16 22:15:24,899 Running doctest.testmod() function to unit test our code
2023-05-16 22:15:24,899 ===========================================================
2023-05-16 22:15:24,906 CALLING sum_two(1,2)
2023-05-16 22:15:24,906 RETURNING 3
2023-05-16 22:15:24,906 CALLING sum_two(hello, world)
2023-05-16 22:15:24,906 RETURNING hello world
2023-05-16 22:15:24,906 CALLING sum_rectangle_list([1, 1, 3, 3])
2023-05-16 22:15:24,906 RETURNING 8
2023-05-16 22:15:24,906 CALLING transform_using_keyword_args_with_default_values(input=bearcat, reverse=False)
2023-05-16 22:15:24,906 RETURNING bea
2023-05-16 22:15:24,906 CALLING transform_using_keyword_args_with_default_values(input=bearcat, reverse=True)
2023-05-16 22:15:24,906 RETURNING aeb
2023-05-16 22:15:24,907 CALLING transform_using_keyword_args_with_default_values(input=hello, reverse=True)
2023-05-16 22:15:24,907 RETURNING leh
2023-05-16 22:15:24,907 CALLING sum_any_using_args((1, 1, 1, 2))
2023-05-16 22:15:24,907 RETURNING 5
2023-05-16 22:15:24,907 CALLING sum_any_with_keywords({'a': 1, 'b': 2, 'c': 3})
2023-05-16 22:15:24,907 RETURNING 6
2023-05-16 22:15:24,908 All tests passed!
2023-05-16 22:15:24,908 Script complete. More info in the log file.
